# JRE version: OpenJDK Runtime Environment Temurin-21.0.9+10 (21.0.9+10) (build 21.0.9+10-LTS)
# Java VM: OpenJDK 64-Bit Server VM Temurin-21.0.9+10 (21.0.9+10-LTS, mixed mode, sharing, tiered, compressed oops, compressed class ptrs, g1 gc, windows-amd64)
GC Precious Log:
 CardTable entry size: 512
 Card Set container configuration: InlinePtr #cards 5 size 8 Array Of Cards #cards 12 size 40 Howl #buckets 4 coarsen threshold 1843 Howl Bitmap #cards 512 size 80 coarsen threshold 460 Card regions per heap region 1 cards per card region 2048
 CPUs: 8 total, 8 available
 Memory: 8089M
 Large Page Support: Disabled
 NUMA Support: Disabled
 Compressed Oops: Enabled (32-bit)
 Heap Region Size: 1M
 Heap Min Capacity: 8M
 Heap Initial Capacity: 128M
 Heap Max Capacity: 2024M
 Pre-touch: Disabled
 Parallel Workers: 8
 Concurrent Workers: 2
 Concurrent Refinement Workers: 8
 Periodic GC: Disabled
Heap:
 garbage-first heap   total 55296K, used 31560K [0x0000000081800000, 0x0000000100000000)
  region size 1024K, 11 young (11264K), 2 survivors (2048K)
 Metaspace       used 37682K, committed 38208K, reserved 1114112K
  class space    used 5096K, committed 5312K, reserved 1048576K
GC Heap History (14 events):
Event: 4.443 GC heap before
{Heap before GC invocations=0 (full 0):
 garbage-first heap   total 131072K, used 24576K [0x0000000081800000, 0x0000000100000000)
  region size 1024K, 23 young (23552K), 0 survivors (0K)
 Metaspace       used 4991K, committed 5248K, reserved 1114112K
  class space    used 579K, committed 704K, reserved 1048576K
}
Event: 4.500 GC heap after
{Heap after GC invocations=1 (full 0):
 garbage-first heap   total 131072K, used 8362K [0x0000000081800000, 0x0000000100000000)
  region size 1024K, 3 young (3072K), 3 survivors (3072K)
 Metaspace       used 4991K, committed 5248K, reserved 1114112K
  class space    used 579K, committed 704K, reserved 1048576K
}
Event: 8.619 GC heap before
{Heap before GC invocations=1 (full 0):
 garbage-first heap   total 131072K, used 34986K [0x0000000081800000, 0x0000000100000000)
  region size 1024K, 30 young (30720K), 3 survivors (3072K)
 Metaspace       used 12225K, committed 12608K, reserved 1114112K
  class space    used 1561K, committed 1728K, reserved 1048576K
}
Event: 8.686 GC heap after
{Heap after GC invocations=2 (full 0):
 garbage-first heap   total 131072K, used 10968K [0x0000000081800000, 0x0000000100000000)
  region size 1024K, 3 young (3072K), 3 survivors (3072K)
 Metaspace       used 12225K, committed 12608K, reserved 1114112K
  class space    used 1561K, committed 1728K, reserved 1048576K
}
Event: 11.348 GC heap before
{Heap before GC invocations=2 (full 0):
 garbage-first heap   total 131072K, used 51928K [0x0000000081800000, 0x0000000100000000)
  region size 1024K, 45 young (46080K), 3 survivors (3072K)
 Metaspace       used 21179K, committed 21504K, reserved 1114112K
  class space    used 2738K, committed 2880K, reserved 1048576K
}
Event: 11.360 GC heap after
{Heap after GC invocations=3 (full 0):
 garbage-first heap   total 131072K, used 15242K [0x0000000081800000, 0x0000000100000000)
  region size 1024K, 7 young (7168K), 7 survivors (7168K)
 Metaspace       used 21179K, committed 21504K, reserved 1114112K
  class space    used 2738K, committed 2880K, reserved 1048576K
}
Event: 14.028 GC heap before
{Heap before GC invocations=4 (full 0):
 garbage-first heap   total 55296K, used 40842K [0x0000000081800000, 0x0000000100000000)
  region size 1024K, 32 young (32768K), 7 survivors (7168K)
 Metaspace       used 24088K, committed 24512K, reserved 1114112K
  class space    used 3136K, committed 3328K, reserved 1048576K
}
Event: 14.039 GC heap after
{Heap after GC invocations=5 (full 0):
 garbage-first heap   total 55296K, used 17322K [0x0000000081800000, 0x0000000100000000)
  region size 1024K, 3 young (3072K), 3 survivors (3072K)
 Metaspace       used 24088K, committed 24512K, reserved 1114112K
  class space    used 3136K, committed 3328K, reserved 1048576K
}
Event: 17.163 GC heap before
{Heap before GC invocations=5 (full 0):
 garbage-first heap   total 55296K, used 41898K [0x0000000081800000, 0x0000000100000000)
  region size 1024K, 27 young (27648K), 3 survivors (3072K)
 Metaspace       used 28045K, committed 28608K, reserved 1114112K
  class space    used 3656K, committed 3904K, reserved 1048576K
}
Event: 17.169 GC heap after
{Heap after GC invocations=6 (full 0):
 garbage-first heap   total 55296K, used 19342K [0x0000000081800000, 0x0000000100000000)
  region size 1024K, 4 young (4096K), 4 survivors (4096K)
 Metaspace       used 28045K, committed 28608K, reserved 1114112K
  class space    used 3656K, committed 3904K, reserved 1048576K
}
Event: 22.918 GC heap before
{Heap before GC invocations=6 (full 0):
 garbage-first heap   total 55296K, used 44942K [0x0000000081800000, 0x0000000100000000)
  region size 1024K, 29 young (29696K), 4 survivors (4096K)
 Metaspace       used 32678K, committed 33152K, reserved 1114112K
  class space    used 4305K, committed 4544K, reserved 1048576K
}
Event: 22.927 GC heap after
{Heap after GC invocations=7 (full 0):
 garbage-first heap   total 55296K, used 21593K [0x0000000081800000, 0x0000000100000000)
  region size 1024K, 4 young (4096K), 4 survivors (4096K)
 Metaspace       used 32678K, committed 33152K, reserved 1114112K
  class space    used 4305K, committed 4544K, reserved 1048576K
}
Event: 26.779 GC heap before
{Heap before GC invocations=7 (full 0):
 garbage-first heap   total 55296K, used 37977K [0x0000000081800000, 0x0000000100000000)
  region size 1024K, 21 young (21504K), 4 survivors (4096K)
 Metaspace       used 35471K, committed 35968K, reserved 1114112K
  class space    used 4712K, committed 4928K, reserved 1048576K
}
Event: 26.788 GC heap after
{Heap after GC invocations=8 (full 0):
 garbage-first heap   total 55296K, used 23368K [0x0000000081800000, 0x0000000100000000)
  region size 1024K, 2 young (2048K), 2 survivors (2048K)
 Metaspace       used 35471K, committed 35968K, reserved 1114112K
  class space    used 4712K, committed 4928K, reserved 1048576K
}

